{"/mnt/c/Users/samue/Documents/ull-esit-inf-dsi-21-22-prct09-filesystem-notes-app-Samuelmm15/src/note.ts":{"path":"/mnt/c/Users/samue/Documents/ull-esit-inf-dsi-21-22-prct09-filesystem-notes-app-Samuelmm15/src/note.ts","statementMap":{"0":{"start":{"line":2,"column":22},"end":{"line":4,"column":1}},"1":{"start":{"line":3,"column":4},"end":{"line":3,"column":62}},"2":{"start":{"line":5,"column":0},"end":{"line":5,"column":62}},"3":{"start":{"line":6,"column":0},"end":{"line":6,"column":22}},"4":{"start":{"line":7,"column":13},"end":{"line":7,"column":26}},"5":{"start":{"line":8,"column":13},"end":{"line":8,"column":26}},"6":{"start":{"line":9,"column":16},"end":{"line":9,"column":49}},"7":{"start":{"line":12,"column":8},"end":{"line":12,"column":27}},"8":{"start":{"line":13,"column":8},"end":{"line":13,"column":25}},"9":{"start":{"line":14,"column":8},"end":{"line":14,"column":29}},"10":{"start":{"line":17,"column":8},"end":{"line":17,"column":26}},"11":{"start":{"line":20,"column":8},"end":{"line":20,"column":25}},"12":{"start":{"line":23,"column":8},"end":{"line":23,"column":27}},"13":{"start":{"line":26,"column":8},"end":{"line":33,"column":11}},"14":{"start":{"line":27,"column":12},"end":{"line":32,"column":13}},"15":{"start":{"line":28,"column":16},"end":{"line":28,"column":96}},"16":{"start":{"line":31,"column":16},"end":{"line":31,"column":87}},"17":{"start":{"line":36,"column":8},"end":{"line":43,"column":11}},"18":{"start":{"line":37,"column":12},"end":{"line":42,"column":13}},"19":{"start":{"line":38,"column":16},"end":{"line":38,"column":84}},"20":{"start":{"line":41,"column":16},"end":{"line":41,"column":45}},"21":{"start":{"line":46,"column":0},"end":{"line":46,"column":20}}},"fnMap":{"0":{"name":"(anonymous_0)","decl":{"start":{"line":2,"column":56},"end":{"line":2,"column":57}},"loc":{"start":{"line":2,"column":71},"end":{"line":4,"column":1}},"line":2},"1":{"name":"(anonymous_1)","decl":{"start":{"line":11,"column":4},"end":{"line":11,"column":5}},"loc":{"start":{"line":11,"column":37},"end":{"line":15,"column":5}},"line":11},"2":{"name":"(anonymous_2)","decl":{"start":{"line":16,"column":4},"end":{"line":16,"column":5}},"loc":{"start":{"line":16,"column":15},"end":{"line":18,"column":5}},"line":16},"3":{"name":"(anonymous_3)","decl":{"start":{"line":19,"column":4},"end":{"line":19,"column":5}},"loc":{"start":{"line":19,"column":14},"end":{"line":21,"column":5}},"line":19},"4":{"name":"(anonymous_4)","decl":{"start":{"line":22,"column":4},"end":{"line":22,"column":5}},"loc":{"start":{"line":22,"column":16},"end":{"line":24,"column":5}},"line":22},"5":{"name":"(anonymous_5)","decl":{"start":{"line":25,"column":4},"end":{"line":25,"column":5}},"loc":{"start":{"line":25,"column":16},"end":{"line":34,"column":5}},"line":25},"6":{"name":"(anonymous_6)","decl":{"start":{"line":26,"column":70},"end":{"line":26,"column":71}},"loc":{"start":{"line":26,"column":79},"end":{"line":33,"column":9}},"line":26},"7":{"name":"(anonymous_7)","decl":{"start":{"line":35,"column":4},"end":{"line":35,"column":5}},"loc":{"start":{"line":35,"column":15},"end":{"line":44,"column":5}},"line":35},"8":{"name":"(anonymous_8)","decl":{"start":{"line":36,"column":58},"end":{"line":36,"column":59}},"loc":{"start":{"line":36,"column":73},"end":{"line":43,"column":9}},"line":36}},"branchMap":{"0":{"loc":{"start":{"line":2,"column":22},"end":{"line":4,"column":1}},"type":"binary-expr","locations":[{"start":{"line":2,"column":23},"end":{"line":2,"column":27}},{"start":{"line":2,"column":31},"end":{"line":2,"column":51}},{"start":{"line":2,"column":56},"end":{"line":4,"column":1}}],"line":2},"1":{"loc":{"start":{"line":3,"column":11},"end":{"line":3,"column":61}},"type":"cond-expr","locations":[{"start":{"line":3,"column":37},"end":{"line":3,"column":40}},{"start":{"line":3,"column":43},"end":{"line":3,"column":61}}],"line":3},"2":{"loc":{"start":{"line":3,"column":12},"end":{"line":3,"column":33}},"type":"binary-expr","locations":[{"start":{"line":3,"column":12},"end":{"line":3,"column":15}},{"start":{"line":3,"column":19},"end":{"line":3,"column":33}}],"line":3},"3":{"loc":{"start":{"line":27,"column":12},"end":{"line":32,"column":13}},"type":"if","locations":[{"start":{"line":27,"column":12},"end":{"line":32,"column":13}},{"start":{"line":27,"column":12},"end":{"line":32,"column":13}}],"line":27},"4":{"loc":{"start":{"line":37,"column":12},"end":{"line":42,"column":13}},"type":"if","locations":[{"start":{"line":37,"column":12},"end":{"line":42,"column":13}},{"start":{"line":37,"column":12},"end":{"line":42,"column":13}}],"line":37}},"s":{"0":1,"1":1,"2":1,"3":1,"4":1,"5":1,"6":1,"7":4,"8":4,"9":4,"10":2,"11":2,"12":2,"13":0,"14":0,"15":0,"16":0,"17":0,"18":0,"19":0,"20":0,"21":1},"f":{"0":1,"1":4,"2":2,"3":2,"4":2,"5":0,"6":0,"7":0,"8":0},"b":{"0":[1,1,1],"1":[0,1],"2":[1,1],"3":[0,0],"4":[0,0]},"inputSourceMap":{"version":3,"file":"/mnt/c/Users/samue/Documents/ull-esit-inf-dsi-21-22-prct09-filesystem-notes-app-Samuelmm15/src/note.ts","sources":["/mnt/c/Users/samue/Documents/ull-esit-inf-dsi-21-22-prct09-filesystem-notes-app-Samuelmm15/src/note.ts"],"names":[],"mappings":";;;;;;AAAA,2BAA6B;AAC7B,2BAA4B;AAC5B,kDAA0B;AAI1B,MAAa,IAAI;IACf,YAAoB,KAAa,EAAU,IAAY,EAC7C,MAAc;QADJ,UAAK,GAAL,KAAK,CAAQ;QAAU,SAAI,GAAJ,IAAI,CAAQ;QAC7C,WAAM,GAAN,MAAM,CAAQ;IACxB,CAAC;IACD,QAAQ;QACN,OAAO,IAAI,CAAC,KAAK,CAAC;IACpB,CAAC;IACD,OAAO;QACL,OAAO,IAAI,CAAC,IAAI,CAAC;IACnB,CAAC;IACD,SAAS;QACP,OAAO,IAAI,CAAC,MAAM,CAAC;IACrB,CAAC;IACD,SAAS;QACP,IAAA,cAAS,EAAC,aAAa,IAAI,CAAC,KAAK,MAAM,EAAE,IAAI,CAAC,IAAI,EAAE,CAAC,GAAG,EAAE,EAAE;YAC1D,IAAI,GAAG,EAAE;gBACP,OAAO,CAAC,GAAG,CAAC,eAAK,CAAC,KAAK,CAAC,2CAA2C,CAAC,CAAC,CAAC;aACvE;iBAAM;gBACL,OAAO,CAAC,GAAG,CAAC,eAAK,CAAC,KAAK,CAAC,kCAAkC,CAAC,CAAC,CAAC;aAC9D;QACH,CAAC,CAAC,CAAC;IACL,CAAC;IACD,QAAQ;QACN,IAAA,aAAQ,EAAC,aAAa,IAAI,CAAC,KAAK,MAAM,EAAE,CAAC,GAAG,EAAE,IAAI,EAAE,EAAE;YACpD,IAAI,GAAG,EAAE;gBACP,OAAO,CAAC,GAAG,CAAC,eAAK,CAAC,GAAG,CAAC,iCAAiC,CAAC,CAAC,CAAC;aAC3D;iBAAM;gBACL,OAAO,CAAC,GAAG,CAAC,IAAI,CAAC,QAAQ,EAAE,CAAC,CAAC;aAC9B;QACH,CAAC,CAAC,CAAC;IACL,CAAC;CACF;AA/BD,oBA+BC","sourcesContent":["import {writeFile} from 'fs';\nimport {readFile} from 'fs';\nimport chalk from 'chalk';\n\ntype Colour = 'red' | 'green' | 'blue' | 'yellow';\n\nexport class Note {\n  constructor(private title: string, private body: string,\n    private colour: Colour) {\n  }\n  getTitle(): string {\n    return this.title;\n  }\n  getBody(): string {\n    return this.body;\n  }\n  getColour(): string {\n    return this.colour;\n  }\n  writeNote(): void {\n    writeFile(`src/notes/${this.title}.txt`, this.body, (err) => {\n      if (err) {\n        console.log(chalk.green('There must be a problem to write the file'));\n      } else {\n        console.log(chalk.green('The file was succesfully created'));\n      }\n    });\n  }\n  readNote(): void {\n    readFile(`src/notes/${this.title}.txt`, (err, data) => {\n      if (err) {\n        console.log(chalk.red('There must be a problem to read'));\n      } else {\n        console.log(data.toString());\n      }\n    });\n  }\n}\n"]},"_coverageSchema":"1a1c01bbd47fc00a2c39e90264f33305004495a9","hash":"068c688a63cb8a228324412a8ead17439dfb9e9e","contentHash":"30fa81df22e5d17c48967f8c45a08264d6b6eb285aa06988ee4803a116eb54c3"},"/mnt/c/Users/samue/Documents/ull-esit-inf-dsi-21-22-prct09-filesystem-notes-app-Samuelmm15/src/noteCollection.ts":{"path":"/mnt/c/Users/samue/Documents/ull-esit-inf-dsi-21-22-prct09-filesystem-notes-app-Samuelmm15/src/noteCollection.ts","statementMap":{"0":{"start":{"line":2,"column":22},"end":{"line":4,"column":1}},"1":{"start":{"line":3,"column":4},"end":{"line":3,"column":62}},"2":{"start":{"line":5,"column":0},"end":{"line":5,"column":62}},"3":{"start":{"line":6,"column":0},"end":{"line":6,"column":32}},"4":{"start":{"line":7,"column":13},"end":{"line":7,"column":26}},"5":{"start":{"line":8,"column":13},"end":{"line":8,"column":26}},"6":{"start":{"line":9,"column":16},"end":{"line":9,"column":49}},"7":{"start":{"line":12,"column":8},"end":{"line":12,"column":33}},"8":{"start":{"line":15,"column":8},"end":{"line":15,"column":29}},"9":{"start":{"line":18,"column":8},"end":{"line":18,"column":39}},"10":{"start":{"line":21,"column":8},"end":{"line":21,"column":36}},"11":{"start":{"line":24,"column":8},"end":{"line":31,"column":11}},"12":{"start":{"line":25,"column":12},"end":{"line":30,"column":13}},"13":{"start":{"line":26,"column":16},"end":{"line":26,"column":102}},"14":{"start":{"line":29,"column":16},"end":{"line":29,"column":44}},"15":{"start":{"line":34,"column":8},"end":{"line":36,"column":11}},"16":{"start":{"line":35,"column":12},"end":{"line":35,"column":41}},"17":{"start":{"line":39,"column":8},"end":{"line":53,"column":11}},"18":{"start":{"line":40,"column":12},"end":{"line":52,"column":13}},"19":{"start":{"line":41,"column":16},"end":{"line":48,"column":19}},"20":{"start":{"line":42,"column":20},"end":{"line":47,"column":21}},"21":{"start":{"line":43,"column":24},"end":{"line":43,"column":102}},"22":{"start":{"line":46,"column":24},"end":{"line":46,"column":95}},"23":{"start":{"line":51,"column":16},"end":{"line":51,"column":101}},"24":{"start":{"line":56,"column":8},"end":{"line":67,"column":11}},"25":{"start":{"line":57,"column":12},"end":{"line":66,"column":13}},"26":{"start":{"line":58,"column":16},"end":{"line":65,"column":19}},"27":{"start":{"line":59,"column":20},"end":{"line":64,"column":21}},"28":{"start":{"line":60,"column":24},"end":{"line":60,"column":92}},"29":{"start":{"line":63,"column":24},"end":{"line":63,"column":53}},"30":{"start":{"line":70,"column":22},"end":{"line":70,"column":23}},"31":{"start":{"line":71,"column":8},"end":{"line":77,"column":11}},"32":{"start":{"line":72,"column":12},"end":{"line":75,"column":13}},"33":{"start":{"line":73,"column":16},"end":{"line":73,"column":49}},"34":{"start":{"line":74,"column":16},"end":{"line":74,"column":99}},"35":{"start":{"line":76,"column":12},"end":{"line":76,"column":22}},"36":{"start":{"line":80,"column":0},"end":{"line":80,"column":40}}},"fnMap":{"0":{"name":"(anonymous_0)","decl":{"start":{"line":2,"column":56},"end":{"line":2,"column":57}},"loc":{"start":{"line":2,"column":71},"end":{"line":4,"column":1}},"line":2},"1":{"name":"(anonymous_1)","decl":{"start":{"line":11,"column":4},"end":{"line":11,"column":5}},"loc":{"start":{"line":11,"column":26},"end":{"line":13,"column":5}},"line":11},"2":{"name":"(anonymous_2)","decl":{"start":{"line":14,"column":4},"end":{"line":14,"column":5}},"loc":{"start":{"line":14,"column":18},"end":{"line":16,"column":5}},"line":14},"3":{"name":"(anonymous_3)","decl":{"start":{"line":17,"column":4},"end":{"line":17,"column":5}},"loc":{"start":{"line":17,"column":30},"end":{"line":19,"column":5}},"line":17},"4":{"name":"(anonymous_4)","decl":{"start":{"line":20,"column":4},"end":{"line":20,"column":5}},"loc":{"start":{"line":20,"column":20},"end":{"line":22,"column":5}},"line":20},"5":{"name":"(anonymous_5)","decl":{"start":{"line":23,"column":4},"end":{"line":23,"column":5}},"loc":{"start":{"line":23,"column":24},"end":{"line":32,"column":5}},"line":23},"6":{"name":"(anonymous_6)","decl":{"start":{"line":24,"column":30},"end":{"line":24,"column":31}},"loc":{"start":{"line":24,"column":40},"end":{"line":31,"column":9}},"line":24},"7":{"name":"(anonymous_7)","decl":{"start":{"line":33,"column":4},"end":{"line":33,"column":5}},"loc":{"start":{"line":33,"column":19},"end":{"line":37,"column":5}},"line":33},"8":{"name":"(anonymous_8)","decl":{"start":{"line":34,"column":30},"end":{"line":34,"column":31}},"loc":{"start":{"line":34,"column":40},"end":{"line":36,"column":9}},"line":34},"9":{"name":"(anonymous_9)","decl":{"start":{"line":38,"column":4},"end":{"line":38,"column":5}},"loc":{"start":{"line":38,"column":35},"end":{"line":54,"column":5}},"line":38},"10":{"name":"(anonymous_10)","decl":{"start":{"line":39,"column":30},"end":{"line":39,"column":31}},"loc":{"start":{"line":39,"column":40},"end":{"line":53,"column":9}},"line":39},"11":{"name":"(anonymous_11)","decl":{"start":{"line":41,"column":81},"end":{"line":41,"column":82}},"loc":{"start":{"line":41,"column":90},"end":{"line":48,"column":17}},"line":41},"12":{"name":"(anonymous_12)","decl":{"start":{"line":55,"column":4},"end":{"line":55,"column":5}},"loc":{"start":{"line":55,"column":25},"end":{"line":68,"column":5}},"line":55},"13":{"name":"(anonymous_13)","decl":{"start":{"line":56,"column":30},"end":{"line":56,"column":31}},"loc":{"start":{"line":56,"column":40},"end":{"line":67,"column":9}},"line":56},"14":{"name":"(anonymous_14)","decl":{"start":{"line":58,"column":71},"end":{"line":58,"column":72}},"loc":{"start":{"line":58,"column":86},"end":{"line":65,"column":17}},"line":58},"15":{"name":"(anonymous_15)","decl":{"start":{"line":69,"column":4},"end":{"line":69,"column":5}},"loc":{"start":{"line":69,"column":26},"end":{"line":78,"column":5}},"line":69},"16":{"name":"(anonymous_16)","decl":{"start":{"line":71,"column":30},"end":{"line":71,"column":31}},"loc":{"start":{"line":71,"column":40},"end":{"line":77,"column":9}},"line":71}},"branchMap":{"0":{"loc":{"start":{"line":2,"column":22},"end":{"line":4,"column":1}},"type":"binary-expr","locations":[{"start":{"line":2,"column":23},"end":{"line":2,"column":27}},{"start":{"line":2,"column":31},"end":{"line":2,"column":51}},{"start":{"line":2,"column":56},"end":{"line":4,"column":1}}],"line":2},"1":{"loc":{"start":{"line":3,"column":11},"end":{"line":3,"column":61}},"type":"cond-expr","locations":[{"start":{"line":3,"column":37},"end":{"line":3,"column":40}},{"start":{"line":3,"column":43},"end":{"line":3,"column":61}}],"line":3},"2":{"loc":{"start":{"line":3,"column":12},"end":{"line":3,"column":33}},"type":"binary-expr","locations":[{"start":{"line":3,"column":12},"end":{"line":3,"column":15}},{"start":{"line":3,"column":19},"end":{"line":3,"column":33}}],"line":3},"3":{"loc":{"start":{"line":25,"column":12},"end":{"line":30,"column":13}},"type":"if","locations":[{"start":{"line":25,"column":12},"end":{"line":30,"column":13}},{"start":{"line":25,"column":12},"end":{"line":30,"column":13}}],"line":25},"4":{"loc":{"start":{"line":40,"column":12},"end":{"line":52,"column":13}},"type":"if","locations":[{"start":{"line":40,"column":12},"end":{"line":52,"column":13}},{"start":{"line":40,"column":12},"end":{"line":52,"column":13}}],"line":40},"5":{"loc":{"start":{"line":42,"column":20},"end":{"line":47,"column":21}},"type":"if","locations":[{"start":{"line":42,"column":20},"end":{"line":47,"column":21}},{"start":{"line":42,"column":20},"end":{"line":47,"column":21}}],"line":42},"6":{"loc":{"start":{"line":57,"column":12},"end":{"line":66,"column":13}},"type":"if","locations":[{"start":{"line":57,"column":12},"end":{"line":66,"column":13}},{"start":{"line":57,"column":12},"end":{"line":66,"column":13}}],"line":57},"7":{"loc":{"start":{"line":59,"column":20},"end":{"line":64,"column":21}},"type":"if","locations":[{"start":{"line":59,"column":20},"end":{"line":64,"column":21}},{"start":{"line":59,"column":20},"end":{"line":64,"column":21}}],"line":59},"8":{"loc":{"start":{"line":72,"column":12},"end":{"line":75,"column":13}},"type":"if","locations":[{"start":{"line":72,"column":12},"end":{"line":75,"column":13}},{"start":{"line":72,"column":12},"end":{"line":75,"column":13}}],"line":72}},"s":{"0":1,"1":1,"2":1,"3":1,"4":1,"5":1,"6":1,"7":1,"8":1,"9":0,"10":1,"11":0,"12":0,"13":0,"14":0,"15":0,"16":0,"17":0,"18":0,"19":0,"20":0,"21":0,"22":0,"23":0,"24":0,"25":0,"26":0,"27":0,"28":0,"29":0,"30":0,"31":0,"32":0,"33":0,"34":0,"35":0,"36":1},"f":{"0":1,"1":1,"2":1,"3":0,"4":1,"5":0,"6":0,"7":0,"8":0,"9":0,"10":0,"11":0,"12":0,"13":0,"14":0,"15":0,"16":0},"b":{"0":[1,1,1],"1":[0,1],"2":[1,1],"3":[0,0],"4":[0,0],"5":[0,0],"6":[0,0],"7":[0,0],"8":[0,0]},"inputSourceMap":{"version":3,"file":"/mnt/c/Users/samue/Documents/ull-esit-inf-dsi-21-22-prct09-filesystem-notes-app-Samuelmm15/src/noteCollection.ts","sources":["/mnt/c/Users/samue/Documents/ull-esit-inf-dsi-21-22-prct09-filesystem-notes-app-Samuelmm15/src/noteCollection.ts"],"names":[],"mappings":";;;;;;AACA,2BAA6B;AAC7B,2BAA4B;AAC5B,kDAA0B;AAE1B,MAAa,cAAc;IACzB,YAAoB,QAAgB;QAAhB,aAAQ,GAAR,QAAQ,CAAQ;IACpC,CAAC;IACD,WAAW;QACT,OAAO,IAAI,CAAC,QAAQ,CAAC;IACvB,CAAC;IACD,eAAe,CAAC,QAAgB;QAC9B,OAAO,IAAI,CAAC,QAAQ,CAAC,QAAQ,CAAC,CAAC;IACjC,CAAC;IACD,aAAa;QACX,OAAO,IAAI,CAAC,QAAQ,CAAC,MAAM,CAAC;IAC9B,CAAC;IACD,UAAU,CAAC,OAAa;QACtB,IAAI,CAAC,QAAQ,CAAC,OAAO,CAAC,CAAC,IAAI,EAAE,EAAE;YAC7B,IAAI,IAAI,CAAC,QAAQ,EAAE,KAAK,OAAO,CAAC,QAAQ,EAAE,EAAE;gBAC1C,OAAO,CAAC,GAAG,CAAC,eAAK,CAAC,GAAG,CAAC,mDAAmD,CAAC,CAAC,CAAC;aAC7E;iBAAM;gBACL,IAAI,CAAC,QAAQ,CAAC,IAAI,CAAC,OAAO,CAAC,CAAC;aAC7B;QACH,CAAC,CAAC,CAAC;IACL,CAAC;IACD,YAAY;QACV,IAAI,CAAC,QAAQ,CAAC,OAAO,CAAC,CAAC,IAAI,EAAE,EAAE;YAC7B,OAAO,CAAC,GAAG,CAAC,IAAI,CAAC,QAAQ,EAAE,CAAC,CAAC;QAC/B,CAAC,CAAC,CAAC;IACL,CAAC;IACD,UAAU,CAAC,SAAiB,EAAE,OAAe;QAC3C,IAAI,CAAC,QAAQ,CAAC,OAAO,CAAC,CAAC,IAAI,EAAE,EAAE;YAC7B,IAAI,IAAI,CAAC,QAAQ,EAAE,KAAK,SAAS,EAAE;gBACjC,IAAA,cAAS,EAAC,aAAa,IAAI,CAAC,QAAQ,EAAE,MAAM,EAAE,OAAO,EAAE,CAAC,GAAG,EAAE,EAAE;oBAC7D,IAAI,GAAG,EAAE;wBACP,OAAO,CAAC,GAAG,CAAC,eAAK,CAAC,GAAG,CAAC,2CAA2C,CAAC,CAAC,CAAC;qBACrE;yBAAM;wBACL,OAAO,CAAC,GAAG,CAAC,eAAK,CAAC,KAAK,CAAC,kCAAkC,CAAC,CAAC,CAAC;qBAC9D;gBACH,CAAC,CAAC,CAAC;aACJ;iBAAM;gBACL,OAAO,CAAC,GAAG,CAAC,eAAK,CAAC,GAAG,CAAC,kDAAkD,CAAC,CAAC,CAAC;aAC5E;QACH,CAAC,CAAC,CAAC;IACL,CAAC;IACD,SAAS,CAAC,SAAiB;QACzB,IAAI,CAAC,QAAQ,CAAC,OAAO,CAAC,CAAC,IAAI,EAAE,EAAE;YAC7B,IAAI,IAAI,CAAC,QAAQ,EAAE,KAAK,SAAS,EAAE;gBACjC,IAAA,aAAQ,EAAC,aAAa,IAAI,CAAC,QAAQ,EAAE,MAAM,EAAE,CAAC,GAAG,EAAE,IAAI,EAAE,EAAE;oBACzD,IAAI,GAAG,EAAE;wBACP,OAAO,CAAC,GAAG,CAAC,eAAK,CAAC,GAAG,CAAC,iCAAiC,CAAC,CAAC,CAAC;qBAC3D;yBAAM;wBACL,OAAO,CAAC,GAAG,CAAC,IAAI,CAAC,QAAQ,EAAE,CAAC,CAAC;qBAC9B;gBACH,CAAC,CAAC,CAAC;aACJ;QACH,CAAC,CAAC,CAAC;IACL,CAAC;IACD,UAAU,CAAC,SAAiB;QAC1B,IAAI,OAAO,GAAG,CAAC,CAAC;QAChB,IAAI,CAAC,QAAQ,CAAC,OAAO,CAAC,CAAC,IAAI,EAAE,EAAE;YAC7B,IAAI,IAAI,CAAC,QAAQ,EAAE,KAAK,SAAS,EAAE;gBACjC,IAAI,CAAC,QAAQ,CAAC,MAAM,CAAC,OAAO,EAAE,CAAC,CAAC,CAAC;gBACjC,OAAO,CAAC,GAAG,CAAC,eAAK,CAAC,KAAK,CAAC,OAAO,SAAS,8BAA8B,CAAC,CAAC,CAAC;aAC1E;YACD,OAAO,EAAE,CAAC;QACZ,CAAC,CAAC,CAAC;IACL,CAAC;CACF;AAhED,wCAgEC","sourcesContent":["import {Note} from './note';\nimport {writeFile} from 'fs';\nimport {readFile} from 'fs';\nimport chalk from 'chalk';\n\nexport class NoteCollection {\n  constructor(private noteList: Note[]) {\n  }\n  getNoteList(): Note[] {\n    return this.noteList;\n  }\n  getListPosition(position: number): Note {\n    return this.noteList[position];\n  }\n  getListlength(): number {\n    return this.noteList.length;\n  }\n  addNewNote(newNote: Note): void {\n    this.noteList.forEach((item) => {\n      if (item.getTitle() === newNote.getTitle()) {\n        console.log(chalk.red('The Note that you are gonna to add already exists'));\n      } else {\n        this.noteList.push(newNote);\n      }\n    });\n  }\n  getTitleList(): void {\n    this.noteList.forEach((item) => {\n      console.log(item.getTitle());\n    });\n  }\n  modifyNote(noteTitle: string, newBody: string): void {\n    this.noteList.forEach((item) => {\n      if (item.getTitle() === noteTitle) {\n        writeFile(`src/notes/${item.getTitle()}.txt`, newBody, (err) => {\n          if (err) {\n            console.log(chalk.red('There must be a problem to write the file'));\n          } else {\n            console.log(chalk.green('The file was succesfully created'));\n          }\n        });\n      } else {\n        console.log(chalk.red('The note you are trying to modify does not exist'));\n      }\n    });\n  }\n  readXNote(noteTiTle: string): void { // FALTA IMPRIMIR CADA TÍTULO CON SU RESPECTIVO COLOR\n    this.noteList.forEach((item) => {\n      if (item.getTitle() === noteTiTle) {\n        readFile(`src/notes/${item.getTitle()}.txt`, (err, data) => {\n          if (err) {\n            console.log(chalk.red('There must be a problem to read'));\n          } else {\n            console.log(data.toString());\n          }\n        });\n      }\n    });\n  }\n  deleteNote(noteTitle: string): void {\n    let counter = 0;\n    this.noteList.forEach((item) => {\n      if (item.getTitle() === noteTitle) {\n        this.noteList.splice(counter, 1);\n        console.log(chalk.green(`The ${noteTitle} note was succefully deleted`));\n      }\n      counter++;\n    });\n  }\n}\n"]},"_coverageSchema":"1a1c01bbd47fc00a2c39e90264f33305004495a9","hash":"bdeb92acc309487ad4ea870153d2b14bc24da95d","contentHash":"a5a2d2e3bc903093b19ee1604034678d7e8982ab3d945f32d17f2a498c51c515"}}